<?xml version="1.0" encoding="UTF-8"?>
<testng-results ignored="0" total="1" passed="1" failed="0" skipped="0">
  <reporter-output>
  </reporter-output>
  <suite started-at="2023-12-27T15:42:31 IST" name="Suite" finished-at="2023-12-27T15:42:55 IST" duration-ms="23772">
    <groups>
    </groups>
    <test started-at="2023-12-27T15:42:31 IST" name="Test" finished-at="2023-12-27T15:42:55 IST" duration-ms="23772">
      <class name="jerkins.Class6">
        <test-method is-config="true" signature="setup()[pri:0, instance:jerkins.Class6@3059cbc]" started-at="2023-12-27T15:42:31 IST" name="setup" finished-at="2023-12-27T15:42:37 IST" duration-ms="6000" status="PASS">
          <reporter-output>
          </reporter-output>
        </test-method> <!-- setup -->
        <test-method signature="verifyLogin()[pri:0, instance:jerkins.Class6@3059cbc]" started-at="2023-12-27T15:42:37 IST" name="verifyLogin" finished-at="2023-12-27T15:42:49 IST" duration-ms="12550" status="PASS">
          <reporter-output>
          </reporter-output>
        </test-method> <!-- verifyLogin -->
        <test-method is-config="true" signature="teardown()[pri:0, instance:jerkins.Class6@3059cbc]" started-at="2023-12-27T15:42:49 IST" name="teardown" finished-at="2023-12-27T15:42:55 IST" duration-ms="5177" status="PASS">
          <reporter-output>
          </reporter-output>
        </test-method> <!-- teardown -->
      </class> <!-- jerkins.Class6 -->
    </test> <!-- Test -->
  </suite> <!-- Suite -->
</testng-results>
